46 bytes received at (1311539875-15:37:55 6-24-2011): [ 7E  00  2A  88  01  4E  44  00  B2  A7  00  13  A2  00  40  71  1C  05  5A  49  47  42  45  45  20  52  4F  55  54  45  52  20  4A  45  46  46  00  FF  FE  01  00  C1  05  10  1E  20 ]
46 bytes received at (1311539960-15:39:20 6-24-2011): [ 7E  00  2A  88  EB  4E  44  00  B2  A7  00  13  A2  00  40  71  1C  05  5A  49  47  42  45  45  20  52  4F  55  54  45  52  20  4A  45  46  46  00  FF  FE  01  00  C1  05  10  1E  36 ]
20 bytes received at (1311540023-15:40:23 6-24-2011): [ 7E  00  10  97  01  00  13  A2  00  40  71  1C  05  B2  A7  44  30  00  01  12 ]
20 bytes received at (1311540201-15:43:21 6-24-2011): [ 7E  00  10  97  EF  00  13  A2  00  40  71  1C  05  B2  A7  44  30  00  01  24 ]
20 bytes received at (1311540201-15:43:21 6-24-2011): [ 7E  00  10  97  EF  00  13  A2  00  40  71  1C  05  B2  A7  44  32  00  00  23 ]
20 bytes received at (1311540201-15:43:21 6-24-2011): [ 7E  00  10  97  EF  00  13  A2  00  40  71  1C  05  B2  A7  44  34  00  00  21 ]
20 bytes received at (1311540237-15:43:57 6-24-2011): [ 7E  00  10  97  EF  00  13  A2  00  40  71  1C  05  B2  A7  44  30  00  01  24 ]
20 bytes received at (1311540237-15:43:57 6-24-2011): [ 7E  00  10  97  EF  00  13  A2  00  40  71  1C  05  B2  A7  44  32  00  00  23 ]
20 bytes received at (1311540237-15:43:57 6-24-2011): [ 7E  00  10  97  EF  00  13  A2  00  40  71  1C  05  B2  A7  44  34  00  00  21 ]
20 bytes received at (1311540472-15:47:52 6-24-2011): [ 7E  00  10  97  01  00  13  A2  00  40  71  1C  05  B2  A7  44  31  00  00  12 ]
20 bytes received at (1311540484-15:48:4 6-24-2011): [ 7E  00  10  97  EF  00  13  A2  00  40  71  1C  05  B2  A7  44  30  00  01  24 ]
20 bytes received at (1311540484-15:48:4 6-24-2011): [ 7E  00  10  97  EF  00  13  A2  00  40  71  1C  05  B2  A7  44  32  00  00  23 ]
20 bytes received at (1311540484-15:48:4 6-24-2011): [ 7E  00  10  97  EF  00  13  A2  00  40  71  1C  05  B2  A7  44  34  00  00  21 ]
20 bytes received at (1311540721-15:52:1 6-24-2011): [ 7E  00  10  97  EF  00  13  A2  00  40  71  1C  05  B2  A7  44  31  00  00  24 ]
20 bytes received at (1311540721-15:52:1 6-24-2011): [ 7E  00  10  97  EF  00  13  A2  00  40  71  1C  05  B2  A7  44  31  00  00  24 ]
20 bytes received at (1311540721-15:52:1 6-24-2011): [ 7E  00  10  97  EF  00  13  A2  00  40  71  1C  05  B2  A7  44  31  00  00  24 ]
20 bytes received at (1311540954-15:55:54 6-24-2011): [ 7E  00  10  97  EF  00  13  A2  00  40  71  1C  05  B2  A7  44  31  00  00  24 ]
20 bytes received at (1311540954-15:55:54 6-24-2011): [ 7E  00  10  97  EF  00  13  A2  00  40  71  1C  05  B2  A7  44  31  00  00  24 ]
20 bytes received at (1311540954-15:55:54 6-24-2011): [ 7E  00  10  97  EF  00  13  A2  00  40  71  1C  05  B2  A7  44  31  00  00  24 ]
20 bytes received at (1311541105-15:58:25 6-24-2011): [ 7E  00  10  97  EF  00  13  A2  00  40  71  1C  05  B2  A7  44  30  00  01  24 ]
20 bytes received at (1311541176-15:59:36 6-24-2011): [ 7E  00  10  97  EF  00  13  A2  00  40  71  1C  05  B2  A7  44  30  00  01  24 ]
20 bytes received at (1311541176-15:59:36 6-24-2011): [ 7E  00  10  97  EF  00  13  A2  00  40  71  1C  05  B2  A7  44  32  00  00  23 ]
20 bytes received at (1311541177-15:59:37 6-24-2011): [ 7E  00  10  97  EF  00  13  A2  00  40  71  1C  05  B2  A7  44  34  00  00  21 ]
20 bytes received at (1311541315-16:1:55 6-24-2011): [ 7E  00  10  97  EF  00  13  A2  00  40  71  1C  05  B2  A7  44  30  00  01  24 ]
20 bytes received at (1311541316-16:1:56 6-24-2011): [ 7E  00  10  97  EF  00  13  A2  00  40  71  1C  05  B2  A7  44  31  00  00  24 ]
20 bytes received at (1311541317-16:1:57 6-24-2011): [ 7E  00  10  97  EF  00  13  A2  00  40  71  1C  05  B2  A7  44  32  00  00  23 ]
20 bytes received at (1311541318-16:1:58 6-24-2011): [ 7E  00  10  97  EF  00  13  A2  00  40  71  1C  05  B2  A7  44  33  00  00  22 ]
20 bytes received at (1311541319-16:1:59 6-24-2011): [ 7E  00  10  97  EF  00  13  A2  00  40  71  1C  05  B2  A7  44  34  00  00  21 ]
20 bytes received at (1311541320-16:2:0 6-24-2011): [ 7E  00  10  97  EF  00  13  A2  00  40  71  1C  05  B2  A7  44  35  00  01  1F ]
20 bytes received at (1311541376-16:2:56 6-24-2011): [ 7E  00  10  97  EF  00  13  A2  00  40  71  1C  05  B2  A7  44  30  00  01  24 ]
20 bytes received at (1311541376-16:2:56 6-24-2011): [ 7E  00  10  97  EF  00  13  A2  00  40  71  1C  05  B2  A7  44  32  00  00  23 ]
20 bytes received at (1311541376-16:2:56 6-24-2011): [ 7E  00  10  97  EF  00  13  A2  00  40  71  1C  05  B2  A7  44  34  00  00  21 ]
20 bytes received at (1311541451-16:4:11 6-24-2011): [ 7E  00  10  97  EF  00  13  A2  00  40  71  1C  05  B2  A7  44  30  00  01  24 ]
20 bytes received at (1311541452-16:4:12 6-24-2011): [ 7E  00  10  97  EF  00  13  A2  00  40  71  1C  05  B2  A7  44  31  00  00  24 ]
20 bytes received at (1311541453-16:4:13 6-24-2011): [ 7E  00  10  97  EF  00  13  A2  00  40  71  1C  05  B2  A7  44  32  00  00  23 ]
20 bytes received at (1311541454-16:4:14 6-24-2011): [ 7E  00  10  97  EF  00  13  A2  00  40  71  1C  05  B2  A7  44  33  00  00  22 ]
20 bytes received at (1311541455-16:4:15 6-24-2011): [ 7E  00  10  97  EF  00  13  A2  00  40  71  1C  05  B2  A7  44  34  00  00  21 ]
20 bytes received at (1311541456-16:4:16 6-24-2011): [ 7E  00  10  97  EF  00  13  A2  00  40  71  1C  05  B2  A7  44  35  00  01  1F ]
20 bytes received at (1311541858-16:10:58 6-24-2011): [ 7E  00  10  97  EF  00  13  A2  00  40  71  1C  05  B2  A7  44  30  00  01  24 ]
20 bytes received at (1311541859-16:10:59 6-24-2011): [ 7E  00  10  97  EF  00  13  A2  00  40  71  1C  05  B2  A7  44  31  00  00  24 ]
20 bytes received at (1311541860-16:11:0 6-24-2011): [ 7E  00  10  97  EF  00  13  A2  00  40  71  1C  05  B2  A7  44  32  00  00  23 ]
20 bytes received at (1311541861-16:11:1 6-24-2011): [ 7E  00  10  97  EF  00  13  A2  00  40  71  1C  05  B2  A7  44  33  00  00  22 ]
20 bytes received at (1311541862-16:11:2 6-24-2011): [ 7E  00  10  97  EF  00  13  A2  00  40  71  1C  05  B2  A7  44  34  00  00  21 ]
20 bytes received at (1311541863-16:11:3 6-24-2011): [ 7E  00  10  97  EF  00  13  A2  00  40  71  1C  05  B2  A7  44  35  00  01  1F ]
46 bytes received at (1311558275-20:44:35 6-24-2011): [ 7E  00  2A  88  01  4E  44  00  B2  A7  00  13  A2  00  40  71  1C  05  5A  49  47  42  45  45  20  52  4F  55  54  45  52  20  4A  45  46  46  00  FF  FE  01  00  C1  05  10  1E  20 ]
20 bytes received at (1311558341-20:45:41 6-24-2011): [ 7E  00  10  97  EF  00  13  A2  00  40  71  1C  05  B2  A7  44  30  00  01  24 ]
20 bytes received at (1311558342-20:45:42 6-24-2011): [ 7E  00  10  97  EF  00  13  A2  00  40  71  1C  05  B2  A7  44  31  00  00  24 ]
20 bytes received at (1311558343-20:45:43 6-24-2011): [ 7E  00  10  97  EF  00  13  A2  00  40  71  1C  05  B2  A7  44  32  00  00  23 ]
20 bytes received at (1311558344-20:45:44 6-24-2011): [ 7E  00  10  97  EF  00  13  A2  00  40  71  1C  05  B2  A7  44  33  00  00  22 ]
20 bytes received at (1311558345-20:45:45 6-24-2011): [ 7E  00  10  97  EF  00  13  A2  00  40  71  1C  05  B2  A7  44  34  00  00  21 ]
20 bytes received at (1311558346-20:45:46 6-24-2011): [ 7E  00  10  97  EF  00  13  A2  00  40  71  1C  05  B2  A7  44  35  00  01  1F ]
13 bytes received at (1311563859-22:17:39 6-24-2011): [ 7E  00  09  88  EE  53  48  00  00  13  A2  00  39 ]
13 bytes received at (1311563859-22:17:39 6-24-2011): [ 7E  00  09  88  EE  53  4C  00  40  71  1C  9D  80 ]
10 bytes received at (1311563859-22:17:39 6-24-2011): [ 7E  00  06  88  EE  4E  49  00  20  D2 ]
11 bytes received at (1311563859-22:17:39 6-24-2011): [ 7E  00  07  88  EE  56  52  00  21  64  5C ]
11 bytes received at (1311563859-22:17:39 6-24-2011): [ 7E  00  07  88  EE  48  56  00  19  46  8C ]
46 bytes received at (1311563912-22:18:32 6-24-2011): [ 7E  00  2A  88  EB  4E  44  00  B2  A7  00  13  A2  00  40  71  1C  05  5A  49  47  42  45  45  20  52  4F  55  54  45  52  20  4A  45  46  46  00  FF  FE  01  00  C1  05  10  1E  36 ]
19 bytes received at (1311564142-22:22:22 6-24-2011): [ 7E  00  0F  97  01  00  13  A2  00  40  71  1C  05  B2  A7  44  30  00  13 ]
19 bytes received at (1311564449-22:27:29 6-24-2011): [ 7E  00  0F  97  01  00  13  A2  00  40  71  1C  05  B2  A7  44  30  00  13 ]
19 bytes received at (1311564507-22:28:27 6-24-2011): [ 7E  00  0F  97  01  00  13  A2  00  40  71  1C  05  B2  A7  44  30  00  13 ]
19 bytes received at (1311564582-22:29:42 6-24-2011): [ 7E  00  0F  97  01  00  13  A2  00  40  71  1C  05  B2  A7  44  30  00  13 ]
19 bytes received at (1311564734-22:32:14 6-24-2011): [ 7E  00  0F  97  01  00  13  A2  00  40  71  1C  05  B2  A7  44  30  00  13 ]
19 bytes received at (1311564767-22:32:47 6-24-2011): [ 7E  00  0F  97  01  00  13  A2  00  40  71  1C  05  B2  A7  44  30  00  13 ]
19 bytes received at (1311565013-22:36:53 6-24-2011): [ 7E  00  0F  97  01  00  13  A2  00  40  71  1C  05  B2  A7  44  30  00  13 ]
19 bytes received at (1311566026-22:53:46 6-24-2011): [ 7E  00  0F  97  01  00  13  A2  00  40  71  1C  05  B2  A7  44  30  00  13 ]
20 bytes received at (1311566047-22:54:7 6-24-2011): [ 7E  00  10  97  01  00  13  A2  00  40  71  1C  05  B2  A7  44  30  00  00  13 ]
20 bytes received at (1311566048-22:54:8 6-24-2011): [ 7E  00  10  97  01  00  13  A2  00  40  71  1C  05  B2  A7  44  31  00  00  12 ]
20 bytes received at (1311566049-22:54:9 6-24-2011): [ 7E  00  10  97  01  00  13  A2  00  40  71  1C  05  B2  A7  44  32  00  00  11 ]
20 bytes received at (1311566050-22:54:10 6-24-2011): [ 7E  00  10  97  01  00  13  A2  00  40  71  1C  05  B2  A7  44  33  00  00  10 ]
20 bytes received at (1311566051-22:54:11 6-24-2011): [ 7E  00  10  97  01  00  13  A2  00  40  71  1C  05  B2  A7  44  34  00  00  0F ]
20 bytes received at (1311566052-22:54:12 6-24-2011): [ 7E  00  10  97  01  00  13  A2  00  40  71  1C  05  B2  A7  44  35  00  01  0D ]
19 bytes received at (1311566053-22:54:13 6-24-2011): [ 7E  00  0F  97  01  00  13  A2  00  40  71  1C  05  B2  A7  75  70  02  A0 ]
20 bytes received at (1311566168-22:56:8 6-24-2011): [ 7E  00  10  97  EF  00  13  A2  00  40  71  1C  05  B2  A7  44  30  00  00  25 ]
20 bytes received at (1311566169-22:56:9 6-24-2011): [ 7E  00  10  97  EF  00  13  A2  00  40  71  1C  05  B2  A7  44  31  00  00  24 ]
20 bytes received at (1311566170-22:56:10 6-24-2011): [ 7E  00  10  97  EF  00  13  A2  00  40  71  1C  05  B2  A7  44  32  00  00  23 ]
20 bytes received at (1311566171-22:56:11 6-24-2011): [ 7E  00  10  97  EF  00  13  A2  00  40  71  1C  05  B2  A7  44  33  00  00  22 ]
20 bytes received at (1311566172-22:56:12 6-24-2011): [ 7E  00  10  97  EF  00  13  A2  00  40  71  1C  05  B2  A7  44  34  00  00  21 ]
20 bytes received at (1311566173-22:56:13 6-24-2011): [ 7E  00  10  97  EF  00  13  A2  00  40  71  1C  05  B2  A7  44  35  00  01  1F ]
19 bytes received at (1311566174-22:56:14 6-24-2011): [ 7E  00  0F  97  EF  00  13  A2  00  40  71  1C  05  B2  A7  75  70  02  B2 ]
19 bytes received at (1311566423-23:0:23 6-24-2011): [ 7E  00  0F  97  01  00  13  A2  00  40  71  1C  05  B2  A7  51  51  02  E3 ]
19 bytes received at (1311566563-23:2:43 6-24-2011): [ 7E  00  0F  97  01  00  13  A2  00  40  71  1C  05  B2  A7  51  51  02  E3 ]
21 bytes received at (1311566640-23:4:0 6-24-2011): [ 7E  00  11  97  01  00  13  A2  00  40  71  1C  05  B2  A7  25  56  00  0A  F4  0E ]
19 bytes received at (1311566732-23:5:32 6-24-2011): [ 7E  00  0F  97  01  00  13  A2  00  40  71  1C  05  B2  A7  51  51  02  E3 ]
19 bytes received at (1311566809-23:6:49 6-24-2011): [ 7E  00  0F  97  01  00  13  A2  00  40  71  1C  05  B2  A7  51  51  02  E3 ]
19 bytes received at (1311566977-23:9:37 6-24-2011): [ 7E  00  0F  97  01  00  13  A2  00  40  71  1C  05  B2  A7  51  51  02  E3 ]
19 bytes received at (1311567157-23:12:37 6-24-2011): [ 7E  00  0F  97  01  00  13  A2  00  40  71  1C  05  B2  A7  44  30  00  13 ]
19 bytes received at (1311567200-23:13:20 6-24-2011): [ 7E  00  0F  97  01  00  13  A2  00  40  71  1C  05  B2  A7  44  30  00  13 ]
20 bytes received at (1311567207-23:13:27 6-24-2011): [ 7E  00  10  97  EF  00  13  A2  00  40  71  1C  05  B2  A7  44  30  00  00  25 ]
20 bytes received at (1311567208-23:13:28 6-24-2011): [ 7E  00  10  97  EF  00  13  A2  00  40  71  1C  05  B2  A7  44  31  00  00  24 ]
20 bytes received at (1311567209-23:13:29 6-24-2011): [ 7E  00  10  97  EF  00  13  A2  00  40  71  1C  05  B2  A7  44  32  00  00  23 ]
20 bytes received at (1311567210-23:13:30 6-24-2011): [ 7E  00  10  97  EF  00  13  A2  00  40  71  1C  05  B2  A7  44  33  00  00  22 ]
20 bytes received at (1311567211-23:13:31 6-24-2011): [ 7E  00  10  97  EF  00  13  A2  00  40  71  1C  05  B2  A7  44  34  00  00  21 ]
20 bytes received at (1311567212-23:13:32 6-24-2011): [ 7E  00  10  97  EF  00  13  A2  00  40  71  1C  05  B2  A7  44  35  00  01  1F ]
19 bytes received at (1311567213-23:13:33 6-24-2011): [ 7E  00  0F  97  EF  00  13  A2  00  40  71  1C  05  B2  A7  75  70  02  B2 ]
19 bytes received at (1311567227-23:13:47 6-24-2011): [ 7E  00  0F  97  01  00  13  A2  00  40  71  1C  05  B2  A7  44  30  00  13 ]
20 bytes received at (1311567234-23:13:54 6-24-2011): [ 7E  00  10  97  EF  00  13  A2  00  40  71  1C  05  B2  A7  44  30  00  04  21 ]
20 bytes received at (1311567235-23:13:55 6-24-2011): [ 7E  00  10  97  EF  00  13  A2  00  40  71  1C  05  B2  A7  44  31  00  00  24 ]
20 bytes received at (1311567236-23:13:56 6-24-2011): [ 7E  00  10  97  EF  00  13  A2  00  40  71  1C  05  B2  A7  44  32  00  00  23 ]
20 bytes received at (1311567237-23:13:57 6-24-2011): [ 7E  00  10  97  EF  00  13  A2  00  40  71  1C  05  B2  A7  44  33  00  00  22 ]
20 bytes received at (1311567238-23:13:58 6-24-2011): [ 7E  00  10  97  EF  00  13  A2  00  40  71  1C  05  B2  A7  44  34  00  00  21 ]
20 bytes received at (1311567239-23:13:59 6-24-2011): [ 7E  00  10  97  EF  00  13  A2  00  40  71  1C  05  B2  A7  44  35  00  01  1F ]
19 bytes received at (1311567240-23:14:0 6-24-2011): [ 7E  00  0F  97  EF  00  13  A2  00  40  71  1C  05  B2  A7  75  70  02  B2 ]
46 bytes received at (1311567784-23:23:4 6-24-2011): [ 7E  00  2A  88  EB  4E  44  00  B2  A7  00  13  A2  00  40  71  1C  05  5A  49  47  42  45  45  20  52  4F  55  54  45  52  20  4A  45  46  46  00  FF  FE  01  00  C1  05  10  1E  36 ]
46 bytes received at (1311567901-23:25:1 6-24-2011): [ 7E  00  2A  88  EA  4E  44  00  B2  A7  00  13  A2  00  40  71  1C  05  5A  49  47  42  45  45  20  52  4F  55  54  45  52  20  4A  45  46  46  00  FF  FE  01  00  C1  05  10  1E  37 ]
20 bytes received at (1311567935-23:25:35 6-24-2011): [ 7E  00  10  97  EF  00  13  A2  00  40  71  1C  05  B2  A7  44  30  00  04  21 ]
20 bytes received at (1311567936-23:25:36 6-24-2011): [ 7E  00  10  97  EF  00  13  A2  00  40  71  1C  05  B2  A7  44  31  00  00  24 ]
20 bytes received at (1311567937-23:25:37 6-24-2011): [ 7E  00  10  97  EF  00  13  A2  00  40  71  1C  05  B2  A7  44  32  00  00  23 ]
20 bytes received at (1311567938-23:25:38 6-24-2011): [ 7E  00  10  97  EF  00  13  A2  00  40  71  1C  05  B2  A7  44  33  00  00  22 ]
20 bytes received at (1311567939-23:25:39 6-24-2011): [ 7E  00  10  97  EF  00  13  A2  00  40  71  1C  05  B2  A7  44  34  00  00  21 ]
20 bytes received at (1311567940-23:25:40 6-24-2011): [ 7E  00  10  97  EF  00  13  A2  00  40  71  1C  05  B2  A7  44  35  00  01  1F ]
19 bytes received at (1311567941-23:25:41 6-24-2011): [ 7E  00  0F  97  EF  00  13  A2  00  40  71  1C  05  B2  A7  75  70  02  B2 ]
21 bytes received at (1311568060-23:27:40 6-24-2011): [ 7E  00  11  97  EC  00  13  A2  00  40  71  1C  05  B2  A7  25  56  00  0A  F4  23 ]
21 bytes received at (1311568070-23:27:50 6-24-2011): [ 7E  00  11  97  ED  00  13  A2  00  40  71  1C  05  B2  A7  25  56  00  0A  F4  22 ]
21 bytes received at (1311568073-23:27:53 6-24-2011): [ 7E  00  11  97  ED  00  13  A2  00  40  71  1C  05  B2  A7  25  56  00  0A  F4  22 ]
21 bytes received at (1311568076-23:27:56 6-24-2011): [ 7E  00  11  97  ED  00  13  A2  00  40  71  1C  05  B2  A7  25  56  00  0A  F4  22 ]
21 bytes received at (1311568879-23:41:19 6-24-2011): [ 7E  00  11  97  ED  00  13  A2  00  40  71  1C  05  B2  A7  25  56  00  0A  F4  22 ]
21 bytes received at (1311568882-23:41:22 6-24-2011): [ 7E  00  11  97  ED  00  13  A2  00  40  71  1C  05  B2  A7  25  56  00  0A  F4  22 ]
21 bytes received at (1311568884-23:41:24 6-24-2011): [ 7E  00  11  97  ED  00  13  A2  00  40  71  1C  05  B2  A7  25  56  00  0A  F4  22 ]
21 bytes received at (1311568886-23:41:26 6-24-2011): [ 7E  00  11  97  ED  00  13  A2  00  40  71  1C  05  B2  A7  25  56  00  0A  F4  22 ]
46 bytes received at (1311570453-0:7:33 6-25-2011): [ 7E  00  2A  88  EB  4E  44  00  B2  A7  00  13  A2  00  40  71  1C  05  5A  49  47  42  45  45  20  52  4F  55  54  45  52  20  4A  45  46  46  00  FF  FE  01  00  C1  05  10  1E  36 ]
46 bytes received at (1311570471-0:7:51 6-25-2011): [ 7E  00  2A  88  EB  4E  44  00  B2  A7  00  13  A2  00  40  71  1C  05  5A  49  47  42  45  45  20  52  4F  55  54  45  52  20  4A  45  46  46  00  FF  FE  01  00  C1  05  10  1E  36 ]
46 bytes received at (1311570510-0:8:30 6-25-2011): [ 7E  00  2A  88  EA  4E  44  00  B2  A7  00  13  A2  00  40  71  1C  05  5A  49  47  42  45  45  20  52  4F  55  54  45  52  20  4A  45  46  46  00  FF  FE  01  00  C1  05  10  1E  37 ]
46 bytes received at (1311652441-22:54:1 6-25-2011): [ 7E  00  2A  88  01  4E  44  00  B2  A7  00  13  A2  00  40  71  1C  05  5A  49  47  42  45  45  20  52  4F  55  54  45  52  20  4A  45  46  46  00  FF  FE  01  00  C1  05  10  1E  20 ]
25 bytes received at (1311652463-22:54:23 6-25-2011): [ 7E  00  15  97  01  00  13  A2  00  40  71  1C  05  B2  A7  49  53  00  01  00  01  00  00  00  E9 ]
19 bytes received at (1311652481-22:54:41 6-25-2011): [ 7E  00  0F  97  01  00  13  A2  00  40  71  1C  05  B2  A7  44  31  00  12 ]
27 bytes received at (1311652487-22:54:47 6-25-2011): [ 7E  00  17  97  01  00  13  A2  00  40  71  1C  05  B2  A7  49  53  00  01  00  01  02  00  00  02  14  D1 ]
27 bytes received at (1311652537-22:55:37 6-25-2011): [ 7E  00  17  97  EC  00  13  A2  00  40  71  1C  05  B2  A7  49  53  00  01  00  01  02  00  00  02  14  E6 ]
27 bytes received at (1311652569-22:56:9 6-25-2011): [ 7E  00  17  97  ED  00  13  A2  00  40  71  1C  05  B2  A7  49  53  00  01  00  01  02  00  00  02  14  E5 ]
27 bytes received at (1311652575-22:56:15 6-25-2011): [ 7E  00  17  97  ED  00  13  A2  00  40  71  1C  05  B2  A7  49  53  00  01  00  01  02  00  00  02  15  E4 ]
27 bytes received at (1311652578-22:56:18 6-25-2011): [ 7E  00  17  97  ED  00  13  A2  00  40  71  1C  05  B2  A7  49  53  00  01  00  01  02  00  00  02  14  E5 ]
27 bytes received at (1311652673-22:57:53 6-25-2011): [ 7E  00  17  97  ED  00  13  A2  00  40  71  1C  05  B2  A7  49  53  00  01  00  01  02  00  00  02  14  E5 ]
27 bytes received at (1311652677-22:57:57 6-25-2011): [ 7E  00  17  97  ED  00  13  A2  00  40  71  1C  05  B2  A7  49  53  00  01  00  01  02  00  00  02  14  E5 ]
27 bytes received at (1311652812-23:0:12 6-25-2011): [ 7E  00  17  97  ED  00  13  A2  00  40  71  1C  05  B2  A7  49  53  00  01  00  01  02  00  00  02  14  E5 ]
27 bytes received at (1311652815-23:0:15 6-25-2011): [ 7E  00  17  97  ED  00  13  A2  00  40  71  1C  05  B2  A7  49  53  00  01  00  01  02  00  00  02  14  E5 ]
27 bytes received at (1311652817-23:0:17 6-25-2011): [ 7E  00  17  97  ED  00  13  A2  00  40  71  1C  05  B2  A7  49  53  00  01  00  01  02  00  00  02  14  E5 ]
27 bytes received at (1311652821-23:0:21 6-25-2011): [ 7E  00  17  97  ED  00  13  A2  00  40  71  1C  05  B2  A7  49  53  00  01  00  01  02  00  00  02  14  E5 ]
27 bytes received at (1311652949-23:2:29 6-25-2011): [ 7E  00  17  97  ED  00  13  A2  00  40  71  1C  05  B2  A7  49  53  00  01  00  01  02  00  00  02  14  E5 ]
27 bytes received at (1311652951-23:2:31 6-25-2011): [ 7E  00  17  97  ED  00  13  A2  00  40  71  1C  05  B2  A7  49  53  00  01  00  01  02  00  00  02  14  E5 ]
27 bytes received at (1311652954-23:2:34 6-25-2011): [ 7E  00  17  97  ED  00  13  A2  00  40  71  1C  05  B2  A7  49  53  00  01  00  01  02  00  00  02  14  E5 ]
27 bytes received at (1311652956-23:2:36 6-25-2011): [ 7E  00  17  97  ED  00  13  A2  00  40  71  1C  05  B2  A7  49  53  00  01  00  01  02  00  00  02  14  E5 ]
27 bytes received at (1311653009-23:3:29 6-25-2011): [ 7E  00  17  97  ED  00  13  A2  00  40  71  1C  05  B2  A7  49  53  00  01  00  01  02  00  00  02  14  E5 ]
27 bytes received at (1311653011-23:3:31 6-25-2011): [ 7E  00  17  97  ED  00  13  A2  00  40  71  1C  05  B2  A7  49  53  00  01  00  01  02  00  00  02  14  E5 ]
19 bytes received at (1311653981-23:19:41 6-25-2011): [ 7E  00  0F  97  01  00  13  A2  00  40  71  1C  05  B2  A7  44  32  00  11 ]
29 bytes received at (1311653990-23:19:50 6-25-2011): [ 7E  00  19  97  01  00  13  A2  00  40  71  1C  05  B2  A7  49  53  00  01  00  01  06  00  00  02  17  02  11  B7 ]
29 bytes received at (1311654082-23:21:22 6-25-2011): [ 7E  00  19  97  EC  00  13  A2  00  40  71  1C  05  B2  A7  49  53  00  01  00  01  06  00  00  02  16  02  10  CE ]
29 bytes received at (1311654102-23:21:42 6-25-2011): [ 7E  00  19  97  ED  00  13  A2  00  40  71  1C  05  B2  A7  49  53  00  01  00  01  06  00  00  02  16  02  10  CD ]
29 bytes received at (1311654106-23:21:46 6-25-2011): [ 7E  00  19  97  ED  00  13  A2  00  40  71  1C  05  B2  A7  49  53  00  01  00  01  06  00  00  02  16  02  10  CD ]
29 bytes received at (1311654108-23:21:48 6-25-2011): [ 7E  00  19  97  ED  00  13  A2  00  40  71  1C  05  B2  A7  49  53  00  01  00  01  06  00  00  02  16  02  10  CD ]
29 bytes received at (1311654111-23:21:51 6-25-2011): [ 7E  00  19  97  ED  00  13  A2  00  40  71  1C  05  B2  A7  49  53  00  01  00  01  06  00  00  02  16  02  10  CD ]
29 bytes received at (1311654157-23:22:37 6-25-2011): [ 7E  00  19  97  ED  00  13  A2  00  40  71  1C  05  B2  A7  49  53  00  01  00  01  06  00  00  02  16  02  10  CD ]
29 bytes received at (1311654160-23:22:40 6-25-2011): [ 7E  00  19  97  ED  00  13  A2  00  40  71  1C  05  B2  A7  49  53  00  01  00  01  06  00  00  02  16  02  10  CD ]
29 bytes received at (1311654372-23:26:12 6-25-2011): [ 7E  00  19  97  ED  00  13  A2  00  40  71  1C  05  B2  A7  49  53  00  01  00  01  06  00  00  02  16  02  10  CD ]
29 bytes received at (1311654382-23:26:22 6-25-2011): [ 7E  00  19  97  ED  00  13  A2  00  40  71  1C  05  B2  A7  49  53  00  01  00  01  06  00  00  02  16  02  10  CD ]
29 bytes received at (1311654528-23:28:48 6-25-2011): [ 7E  00  19  97  ED  00  13  A2  00  40  71  1C  05  B2  A7  49  53  00  01  00  01  06  00  00  02  16  02  10  CD ]
29 bytes received at (1311654668-23:31:8 6-25-2011): [ 7E  00  19  97  ED  00  13  A2  00  40  71  1C  05  B2  A7  49  53  00  01  00  01  06  00  00  02  16  02  10  CD ]
29 bytes received at (1311654860-23:34:20 6-25-2011): [ 7E  00  19  97  ED  00  13  A2  00  40  71  1C  05  B2  A7  49  53  00  01  00  01  06  00  00  02  16  02  10  CD ]
29 bytes received at (1311654964-23:36:4 6-25-2011): [ 7E  00  19  97  ED  00  13  A2  00  40  71  1C  05  B2  A7  49  53  00  01  00  01  06  00  00  02  16  02  10  CD ]
29 bytes received at (1311655026-23:37:6 6-25-2011): [ 7E  00  19  97  ED  00  13  A2  00  40  71  1C  05  B2  A7  49  53  00  01  00  01  06  00  00  02  16  02  0E  CF ]
29 bytes received at (1311655029-23:37:9 6-25-2011): [ 7E  00  19  97  ED  00  13  A2  00  40  71  1C  05  B2  A7  49  53  00  01  00  01  06  00  00  02  16  02  0E  CF ]
20 bytes received at (1311655448-23:44:8 6-25-2011): [ 7E  00  10  97  EF  00  13  A2  00  40  71  1C  05  B2  A7  44  30  00  04  21 ]
20 bytes received at (1311655449-23:44:9 6-25-2011): [ 7E  00  10  97  EF  00  13  A2  00  40  71  1C  05  B2  A7  44  31  00  02  22 ]
20 bytes received at (1311655450-23:44:10 6-25-2011): [ 7E  00  10  97  EF  00  13  A2  00  40  71  1C  05  B2  A7  44  32  00  02  21 ]
20 bytes received at (1311655451-23:44:11 6-25-2011): [ 7E  00  10  97  EF  00  13  A2  00  40  71  1C  05  B2  A7  44  33  00  00  22 ]
20 bytes received at (1311655452-23:44:12 6-25-2011): [ 7E  00  10  97  EF  00  13  A2  00  40  71  1C  05  B2  A7  44  34  00  00  21 ]
20 bytes received at (1311655453-23:44:13 6-25-2011): [ 7E  00  10  97  EF  00  13  A2  00  40  71  1C  05  B2  A7  44  35  00  01  1F ]
20 bytes received at (1311655847-23:50:47 6-25-2011): [ 7E  00  10  97  EF  00  13  A2  00  40  71  1C  05  B2  A7  44  30  00  04  21 ]
20 bytes received at (1311655848-23:50:48 6-25-2011): [ 7E  00  10  97  EF  00  13  A2  00  40  71  1C  05  B2  A7  44  31  00  02  22 ]
20 bytes received at (1311655849-23:50:49 6-25-2011): [ 7E  00  10  97  EF  00  13  A2  00  40  71  1C  05  B2  A7  44  32  00  02  21 ]
20 bytes received at (1311655850-23:50:50 6-25-2011): [ 7E  00  10  97  EF  00  13  A2  00  40  71  1C  05  B2  A7  44  33  00  00  22 ]
20 bytes received at (1311655851-23:50:51 6-25-2011): [ 7E  00  10  97  EF  00  13  A2  00  40  71  1C  05  B2  A7  44  34  00  00  21 ]
20 bytes received at (1311655852-23:50:52 6-25-2011): [ 7E  00  10  97  EF  00  13  A2  00  40  71  1C  05  B2  A7  44  35  00  01  1F ]
29 bytes received at (1311658981-0:43:1 6-26-2011): [ 7E  00  19  97  ED  00  13  A2  00  40  71  1C  05  B2  A7  49  53  00  01  00  01  06  00  00  02  14  02  0E  D1 ]
29 bytes received at (1311658985-0:43:5 6-26-2011): [ 7E  00  19  97  ED  00  13  A2  00  40  71  1C  05  B2  A7  49  53  00  01  00  01  06  00  00  02  15  02  0F  CF ]
29 bytes received at (1311658988-0:43:8 6-26-2011): [ 7E  00  19  97  ED  00  13  A2  00  40  71  1C  05  B2  A7  49  53  00  01  00  01  06  00  00  02  14  02  0E  D1 ]
29 bytes received at (1311659225-0:47:5 6-26-2011): [ 7E  00  19  97  ED  00  13  A2  00  40  71  1C  05  B2  A7  49  53  00  01  00  01  06  00  00  02  14  02  0E  D1 ]
29 bytes received at (1311659303-0:48:23 6-26-2011): [ 7E  00  19  97  ED  00  13  A2  00  40  71  1C  05  B2  A7  49  53  00  01  00  01  06  00  00  02  14  02  0E  D1 ]
29 bytes received at (1311659399-0:49:59 6-26-2011): [ 7E  00  19  97  ED  00  13  A2  00  40  71  1C  05  B2  A7  49  53  00  01  00  01  06  00  00  02  14  02  0E  D1 ]
29 bytes received at (1311659418-0:50:18 6-26-2011): [ 7E  00  19  97  ED  00  13  A2  00  40  71  1C  05  B2  A7  49  53  00  01  00  01  06  00  00  02  14  02  0E  D1 ]
29 bytes received at (1311659528-0:52:8 6-26-2011): [ 7E  00  19  97  ED  00  13  A2  00  40  71  1C  05  B2  A7  49  53  00  01  00  01  06  00  00  02  14  02  0E  D1 ]
29 bytes received at (1311659532-0:52:12 6-26-2011): [ 7E  00  19  97  ED  00  13  A2  00  40  71  1C  05  B2  A7  49  53  00  01  00  01  06  00  00  02  14  02  0E  D1 ]
29 bytes received at (1311659755-0:55:55 6-26-2011): [ 7E  00  19  97  ED  00  13  A2  00  40  71  1C  05  B2  A7  49  53  00  01  00  01  06  00  00  02  14  02  0E  D1 ]
29 bytes received at (1311659760-0:56:0 6-26-2011): [ 7E  00  19  97  ED  00  13  A2  00  40  71  1C  05  B2  A7  49  53  00  01  00  01  06  00  00  02  14  02  0E  D1 ]
29 bytes received at (1311660153-1:2:33 6-26-2011): [ 7E  00  19  97  ED  00  13  A2  00  40  71  1C  05  B2  A7  49  53  00  01  00  01  06  00  00  02  16  02  10  CD ]
29 bytes received at (1311660544-1:9:4 6-26-2011): [ 7E  00  19  97  ED  00  13  A2  00  40  71  1C  05  B2  A7  49  53  00  01  00  01  06  00  00  02  16  02  10  CD ]
29 bytes received at (1311660685-1:11:25 6-26-2011): [ 7E  00  19  97  ED  00  13  A2  00  40  71  1C  05  B2  A7  49  53  00  01  00  01  06  00  00  02  16  02  10  CD ]
29 bytes received at (1311660691-1:11:31 6-26-2011): [ 7E  00  19  97  ED  00  13  A2  00  40  71  1C  05  B2  A7  49  53  00  01  00  01  06  00  00  02  16  02  10  CD ]
29 bytes received at (1311660705-1:11:45 6-26-2011): [ 7E  00  19  97  ED  00  13  A2  00  40  71  1C  05  B2  A7  49  53  00  01  00  01  06  00  00  02  16  02  10  CD ]
29 bytes received at (1311661197-1:19:57 6-26-2011): [ 7E  00  19  97  ED  00  13  A2  00  40  71  1C  05  B2  A7  49  53  00  01  00  01  06  00  00  02  16  02  10  CD ]
29 bytes received at (1311661202-1:20:2 6-26-2011): [ 7E  00  19  97  ED  00  13  A2  00  40  71  1C  05  B2  A7  49  53  00  01  00  01  06  00  00  02  16  02  10  CD ]
29 bytes received at (1311661205-1:20:5 6-26-2011): [ 7E  00  19  97  ED  00  13  A2  00  40  71  1C  05  B2  A7  49  53  00  01  00  01  06  00  00  02  16  02  10  CD ]
29 bytes received at (1311661208-1:20:8 6-26-2011): [ 7E  00  19  97  ED  00  13  A2  00  40  71  1C  05  B2  A7  49  53  00  01  00  01  06  00  00  02  16  02  10  CD ]
29 bytes received at (1311661210-1:20:10 6-26-2011): [ 7E  00  19  97  ED  00  13  A2  00  40  71  1C  05  B2  A7  49  53  00  01  00  01  06  00  00  02  16  02  10  CD ]
46 bytes received at (1311822818-22:13:38 6-27-2011): [ 7E  00  2A  88  01  4E  44  00  B2  A7  00  13  A2  00  40  71  1C  05  5A  49  47  42  45  45  20  52  4F  55  54  45  52  20  4A  45  46  46  00  FF  FE  01  00  C1  05  10  1E  20 ]
46 bytes received at (1311822838-22:13:58 6-27-2011): [ 7E  00  2A  88  EB  4E  44  00  B2  A7  00  13  A2  00  40  71  1C  05  5A  49  47  42  45  45  20  52  4F  55  54  45  52  20  4A  45  46  46  00  FF  FE  01  00  C1  05  10  1E  36 ]
37 bytes received at (1311822859-22:14:19 6-27-2011): [ 7E  00  21  97  01  00  13  A2  00  40  71  1C  05  B2  A7  4E  49  00  5A  49  47  42  45  45  20  52  4F  55  54  45  52  20  4A  45  46  46  FE ]
19 bytes received at (1311822932-22:15:32 6-27-2011): [ 7E  00  0F  97  EC  00  13  A2  00  40  71  1C  05  B2  A7  41  33  02  26 ]
20 bytes received at (1311822977-22:16:17 6-27-2011): [ 7E  00  10  97  EC  00  13  A2  00  40  71  1C  05  B2  A7  44  33  00  00  25 ]
46 bytes received at (1311824052-22:34:12 6-27-2011): [ 7E  00  2A  88  EB  4E  44  00  B2  A7  00  13  A2  00  40  71  1C  05  5A  49  47  42  45  45  20  52  4F  55  54  45  52  20  4A  45  46  46  00  FF  FE  01  00  C1  05  10  1E  36 ]
20 bytes received at (1311824073-22:34:33 6-27-2011): [ 7E  00  10  97  EF  00  13  A2  00  40  71  1C  05  B2  A7  44  30  00  04  21 ]
20 bytes received at (1311824074-22:34:34 6-27-2011): [ 7E  00  10  97  EF  00  13  A2  00  40  71  1C  05  B2  A7  44  31  00  02  22 ]
20 bytes received at (1311824075-22:34:35 6-27-2011): [ 7E  00  10  97  EF  00  13  A2  00  40  71  1C  05  B2  A7  44  32  00  02  21 ]
20 bytes received at (1311824076-22:34:36 6-27-2011): [ 7E  00  10  97  EF  00  13  A2  00  40  71  1C  05  B2  A7  44  33  00  00  22 ]
20 bytes received at (1311824077-22:34:37 6-27-2011): [ 7E  00  10  97  EF  00  13  A2  00  40  71  1C  05  B2  A7  44  34  00  00  21 ]
20 bytes received at (1311824078-22:34:38 6-27-2011): [ 7E  00  10  97  EF  00  13  A2  00  40  71  1C  05  B2  A7  44  35  00  01  1F ]
20 bytes received at (1311824263-22:37:43 6-27-2011): [ 7E  00  10  97  ED  00  13  A2  00  40  71  1C  05  B2  A7  44  31  00  02  24 ]
20 bytes received at (1311824270-22:37:50 6-27-2011): [ 7E  00  10  97  ED  00  13  A2  00  40  71  1C  05  B2  A7  44  31  00  02  24 ]
20 bytes received at (1311824274-22:37:54 6-27-2011): [ 7E  00  10  97  ED  00  13  A2  00  40  71  1C  05  B2  A7  44  31  00  02  24 ]
29 bytes received at (1311824399-22:39:59 6-27-2011): [ 7E  00  19  97  ED  00  13  A2  00  40  71  1C  05  B2  A7  49  53  00  01  00  01  06  00  00  02  14  02  0E  D1 ]
29 bytes received at (1311824409-22:40:9 6-27-2011): [ 7E  00  19  97  ED  00  13  A2  00  40  71  1C  05  B2  A7  49  53  00  01  00  01  06  00  00  02  14  02  0E  D1 ]
29 bytes received at (1311824413-22:40:13 6-27-2011): [ 7E  00  19  97  ED  00  13  A2  00  40  71  1C  05  B2  A7  49  53  00  01  00  01  06  00  00  02  14  02  0E  D1 ]
29 bytes received at (1311824417-22:40:17 6-27-2011): [ 7E  00  19  97  ED  00  13  A2  00  40  71  1C  05  B2  A7  49  53  00  01  00  01  06  00  00  02  14  02  0E  D1 ]
29 bytes received at (1311824420-22:40:20 6-27-2011): [ 7E  00  19  97  ED  00  13  A2  00  40  71  1C  05  B2  A7  49  53  00  01  00  01  06  00  00  02  14  02  0E  D1 ]
29 bytes received at (1311824424-22:40:24 6-27-2011): [ 7E  00  19  97  ED  00  13  A2  00  40  71  1C  05  B2  A7  49  53  00  01  00  01  06  00  00  02  14  02  0E  D1 ]
29 bytes received at (1311828301-23:45:1 6-27-2011): [ 7E  00  19  97  ED  00  13  A2  00  40  71  1C  05  B2  A7  49  53  00  01  00  01  06  00  00  02  14  02  0E  D1 ]
29 bytes received at (1311828304-23:45:4 6-27-2011): [ 7E  00  19  97  ED  00  13  A2  00  40  71  1C  05  B2  A7  49  53  00  01  00  01  06  00  00  02  14  02  0E  D1 ]
29 bytes received at (1311828308-23:45:8 6-27-2011): [ 7E  00  19  97  ED  00  13  A2  00  40  71  1C  05  B2  A7  49  53  00  01  00  01  06  00  00  02  14  02  0E  D1 ]
29 bytes received at (1311828312-23:45:12 6-27-2011): [ 7E  00  19  97  ED  00  13  A2  00  40  71  1C  05  B2  A7  49  53  00  01  00  01  06  00  00  02  14  02  0E  D1 ]
29 bytes received at (1311828315-23:45:15 6-27-2011): [ 7E  00  19  97  ED  00  13  A2  00  40  71  1C  05  B2  A7  49  53  00  01  00  01  06  00  00  02  15  02  0F  CF ]
29 bytes received at (1311828319-23:45:19 6-27-2011): [ 7E  00  19  97  ED  00  13  A2  00  40  71  1C  05  B2  A7  49  53  00  01  00  01  06  00  00  02  14  02  0E  D1 ]
29 bytes received at (1311828322-23:45:22 6-27-2011): [ 7E  00  19  97  ED  00  13  A2  00  40  71  1C  05  B2  A7  49  53  00  01  00  01  06  00  00  02  14  02  0E  D1 ]
29 bytes received at (1311828326-23:45:26 6-27-2011): [ 7E  00  19  97  ED  00  13  A2  00  40  71  1C  05  B2  A7  49  53  00  01  00  01  06  00  00  02  14  02  0E  D1 ]
29 bytes received at (1311828330-23:45:30 6-27-2011): [ 7E  00  19  97  ED  00  13  A2  00  40  71  1C  05  B2  A7  49  53  00  01  00  01  06  00  00  02  14  02  0E  D1 ]
29 bytes received at (1311828333-23:45:33 6-27-2011): [ 7E  00  19  97  ED  00  13  A2  00  40  71  1C  05  B2  A7  49  53  00  01  00  01  06  00  00  02  14  02  0E  D1 ]
29 bytes received at (1311828338-23:45:38 6-27-2011): [ 7E  00  19  97  ED  00  13  A2  00  40  71  1C  05  B2  A7  49  53  00  01  00  01  06  00  00  02  14  02  0E  D1 ]
46 bytes received at (1318257854-9:44:14 9-10-2011): [ 7E  00  2A  88  01  4E  44  00  D1  28  00  13  A2  00  40  71  1C  05  5A  49  47  42  45  45  20  52  4F  55  54  45  52  20  4A  45  46  46  00  FF  FE  01  00  C1  05  10  1E  80 ]
46 bytes received at (1318257872-9:44:32 9-10-2011): [ 7E  00  2A  88  EB  4E  44  00  D1  28  00  13  A2  00  40  71  1C  05  5A  49  47  42  45  45  20  52  4F  55  54  45  52  20  4A  45  46  46  00  FF  FE  01  00  C1  05  10  1E  96 ]
20 bytes received at (1318257894-9:44:54 9-10-2011): [ 7E  00  10  97  01  00  13  A2  00  40  71  1C  05  D1  28  44  42  00  29  38 ]
20 bytes received at (1318258009-9:46:49 9-10-2011): [ 7E  00  10  97  01  00  13  A2  00  40  71  1C  05  D1  28  44  42  00  2A  37 ]
21 bytes received at (1318258048-9:47:28 9-10-2011): [ 7E  00  11  97  01  00  13  A2  00  40  71  1C  05  D1  28  25  56  00  0A  FC  66 ]
19 bytes received at (1318258219-9:50:19 9-10-2011): [ 7E  00  0F  97  ED  00  13  A2  00  40  71  1C  05  D1  28  49  53  01  5E ]
20 bytes received at (1318258253-9:50:53 9-10-2011): [ 7E  00  10  97  EF  00  13  A2  00  40  71  1C  05  D1  28  44  30  00  01  84 ]
20 bytes received at (1318258254-9:50:54 9-10-2011): [ 7E  00  10  97  EF  00  13  A2  00  40  71  1C  05  D1  28  44  31  00  00  84 ]
20 bytes received at (1318258255-9:50:55 9-10-2011): [ 7E  00  10  97  EF  00  13  A2  00  40  71  1C  05  D1  28  44  32  00  00  83 ]
20 bytes received at (1318258256-9:50:56 9-10-2011): [ 7E  00  10  97  EF  00  13  A2  00  40  71  1C  05  D1  28  44  33  00  00  82 ]
20 bytes received at (1318258257-9:50:57 9-10-2011): [ 7E  00  10  97  EF  00  13  A2  00  40  71  1C  05  D1  28  44  34  00  00  81 ]
20 bytes received at (1318258258-9:50:58 9-10-2011): [ 7E  00  10  97  EF  00  13  A2  00  40  71  1C  05  D1  28  44  35  00  01  7F ]
20 bytes received at (1318258347-9:52:27 9-10-2011): [ 7E  00  10  97  EC  00  13  A2  00  40  71  1C  05  D1  28  44  42  00  2A  4C ]
19 bytes received at (1318258356-9:52:36 9-10-2011): [ 7E  00  0F  97  ED  00  13  A2  00  40  71  1C  05  D1  28  49  53  01  5E ]
19 bytes received at (1318258360-9:52:40 9-10-2011): [ 7E  00  0F  97  ED  00  13  A2  00  40  71  1C  05  D1  28  49  53  01  5E ]
19 bytes received at (1318258364-9:52:44 9-10-2011): [ 7E  00  0F  97  ED  00  13  A2  00  40  71  1C  05  D1  28  49  53  01  5E ]
19 bytes received at (1318258367-9:52:47 9-10-2011): [ 7E  00  0F  97  ED  00  13  A2  00  40  71  1C  05  D1  28  49  53  01  5E ]
19 bytes received at (1318258371-9:52:51 9-10-2011): [ 7E  00  0F  97  ED  00  13  A2  00  40  71  1C  05  D1  28  49  53  01  5E ]
19 bytes received at (1318258385-9:53:5 9-10-2011): [ 7E  00  0F  97  ED  00  13  A2  00  40  71  1C  05  D1  28  49  53  01  5E ]
20 bytes received at (1318258450-9:54:10 9-10-2011): [ 7E  00  10  97  01  00  13  A2  00  40  71  1C  05  D1  28  44  42  00  2A  37 ]
20 bytes received at (1318258466-9:54:26 9-10-2011): [ 7E  00  10  97  ED  00  13  A2  00  40  71  1C  05  D1  28  44  42  00  2A  4B ]
20 bytes received at (1318258473-9:54:33 9-10-2011): [ 7E  00  10  97  ED  00  13  A2  00  40  71  1C  05  D1  28  44  42  00  2A  4B ]
20 bytes received at (1318258476-9:54:36 9-10-2011): [ 7E  00  10  97  ED  00  13  A2  00  40  71  1C  05  D1  28  44  42  00  2A  4B ]
20 bytes received at (1318258544-9:55:44 9-10-2011): [ 7E  00  10  97  ED  00  13  A2  00  40  71  1C  05  D1  28  44  42  00  29  4C ]
20 bytes received at (1318258549-9:55:49 9-10-2011): [ 7E  00  10  97  ED  00  13  A2  00  40  71  1C  05  D1  28  44  42  00  2A  4B ]
20 bytes received at (1318258552-9:55:52 9-10-2011): [ 7E  00  10  97  ED  00  13  A2  00  40  71  1C  05  D1  28  44  42  00  2A  4B ]
20 bytes received at (1318258554-9:55:54 9-10-2011): [ 7E  00  10  97  ED  00  13  A2  00  40  71  1C  05  D1  28  44  42  00  2A  4B ]
20 bytes received at (1318258557-9:55:57 9-10-2011): [ 7E  00  10  97  ED  00  13  A2  00  40  71  1C  05  D1  28  44  42  00  2B  4A ]
19 bytes received at (1318258576-9:56:16 9-10-2011): [ 7E  00  0F  97  ED  00  13  A2  00  40  71  1C  05  D1  28  49  53  01  5E ]
46 bytes received at (1318277459-15:10:59 9-10-2011): [ 7E  00  2A  88  01  4E  44  00  D1  28  00  13  A2  00  40  71  1C  05  5A  49  47  42  45  45  20  52  4F  55  54  45  52  20  4A  45  46  46  00  FF  FE  01  00  C1  05  10  1E  80 ]
46 bytes received at (1318277492-15:11:32 9-10-2011): [ 7E  00  2A  88  EB  4E  44  00  D1  28  00  13  A2  00  40  71  1C  05  5A  49  47  42  45  45  20  52  4F  55  54  45  52  20  4A  45  46  46  00  FF  FE  01  00  C1  05  10  1E  96 ]
20 bytes received at (1318277537-15:12:17 9-10-2011): [ 7E  00  10  97  01  00  13  A2  00  40  71  1C  05  D1  28  44  42  00  33  2E ]
20 bytes received at (1318278088-15:21:28 9-10-2011): [ 7E  00  10  97  01  00  13  A2  00  40  71  1C  05  D1  28  44  42  00  3E  23 ]
20 bytes received at (1318278121-15:22:1 9-10-2011): [ 7E  00  10  97  ED  00  13  A2  00  40  71  1C  05  D1  28  44  42  00  2F  46 ]
20 bytes received at (1318278124-15:22:4 9-10-2011): [ 7E  00  10  97  ED  00  13  A2  00  40  71  1C  05  D1  28  44  42  00  30  45 ]
20 bytes received at (1318278127-15:22:7 9-10-2011): [ 7E  00  10  97  ED  00  13  A2  00  40  71  1C  05  D1  28  44  42  00  31  44 ]
46 bytes received at (1318286966-17:49:26 9-10-2011): [ 7E  00  2A  88  01  4E  44  00  D1  28  00  13  A2  00  40  71  1C  05  5A  49  47  42  45  45  20  52  4F  55  54  45  52  20  4A  45  46  46  00  FF  FE  01  00  C1  05  10  1E  80 ]
20 bytes received at (1318286999-17:49:59 9-10-2011): [ 7E  00  10  97  01  00  13  A2  00  40  71  1C  05  D1  28  44  42  00  2F  32 ]
20 bytes received at (1318287012-17:50:12 9-10-2011): [ 7E  00  10  97  01  00  13  A2  00  40  71  1C  05  D1  28  44  42  00  38  29 ]
20 bytes received at (1318287025-17:50:25 9-10-2011): [ 7E  00  10  97  ED  00  13  A2  00  40  71  1C  05  D1  28  44  42  00  29  4C ]
20 bytes received at (1318287030-17:50:30 9-10-2011): [ 7E  00  10  97  ED  00  13  A2  00  40  71  1C  05  D1  28  44  42  00  2F  46 ]
20 bytes received at (1318287033-17:50:33 9-10-2011): [ 7E  00  10  97  ED  00  13  A2  00  40  71  1C  05  D1  28  44  42  00  2F  46 ]
20 bytes received at (1318287035-17:50:35 9-10-2011): [ 7E  00  10  97  ED  00  13  A2  00  40  71  1C  05  D1  28  44  42  00  2D  48 ]
21 bytes received at (1318287114-17:51:54 9-10-2011): [ 7E  00  11  97  01  00  13  A2  00  40  71  1C  05  D1  28  25  56  00  0A  F4  6E ]
10 bytes received at (1336364830-23:27:10 4-6-2012): [ 7E  00  06  88  EE  4E  49  00  20  D2 ]
10 bytes received at (1336364831-23:27:11 4-6-2012): [ 7E  00  06  88  EE  44  42  00  00  03 ]
11 bytes received at (1336364831-23:27:11 4-6-2012): [ 7E  00  07  88  EE  25  56  00  0A  F6  0E ]
13 bytes received at (1336364831-23:27:11 4-6-2012): [ 7E  00  09  88  EE  53  48  00  00  13  A2  00  39 ]
13 bytes received at (1336364831-23:27:11 4-6-2012): [ 7E  00  09  88  EE  53  4C  00  40  8A  86  D4  C6 ]
13 bytes received at (1336364831-23:27:11 4-6-2012): [ 7E  00  09  88  EE  44  48  00  00  00  00  00  FD ]
13 bytes received at (1336364831-23:27:11 4-6-2012): [ 7E  00  09  88  EE  44  4C  00  00  00  00  00  F9 ]
11 bytes received at (1336364831-23:27:11 4-6-2012): [ 7E  00  07  88  EE  4D  59  00  00  00  E3 ]
10 bytes received at (1336364831-23:27:11 4-6-2012): [ 7E  00  06  88  EE  4E  43  00  0A  EE ]
13 bytes received at (1336364831-23:27:11 4-6-2012): [ 7E  00  09  88  EE  44  44  00  00  03  00  00  FE ]
10 bytes received at (1336364831-23:27:11 4-6-2012): [ 7E  00  06  88  EE  43  48  00  10  EE ]
17 bytes received at (1336364831-23:27:11 4-6-2012): [ 7E  00  0D  88  EE  49  44  00  00  00  00  00  66  82  65  68  47 ]
17 bytes received at (1336364831-23:27:11 4-6-2012): [ 7E  00  0D  88  EE  4F  50  00  00  00  00  00  66  82  65  68  35 ]
11 bytes received at (1336364831-23:27:11 4-6-2012): [ 7E  00  07  88  EE  53  43  00  FF  FF  F5 ]
10 bytes received at (1336364831-23:27:11 4-6-2012): [ 7E  00  06  88  EE  45  45  00  00  FF ]
10 bytes received at (1336364831-23:27:11 4-6-2012): [ 7E  00  06  88  EE  50  4C  00  04  E9 ]
10 bytes received at (1336364831-23:27:11 4-6-2012): [ 7E  00  06  88  EE  50  4D  00  01  EB ]
10 bytes received at (1336364832-23:27:12 4-6-2012): [ 7E  00  06  88  EE  44  42  00  00  03 ]
13 bytes received at (1336364832-23:27:12 4-6-2012): [ 7E  00  09  88  EE  42  44  00  00  00  00  03  00 ]
10 bytes received at (1336364832-23:27:12 4-6-2012): [ 7E  00  06  88  EE  53  42  00  00  F4 ]
11 bytes received at (1336364832-23:27:12 4-6-2012): [ 7E  00  07  88  EE  56  52  00  21  A7  19 ]
11 bytes received at (1336364832-23:27:12 4-6-2012): [ 7E  00  07  88  EE  48  56  00  19  4A  88 ]
10 bytes received at (1336367119-0:5:19 4-7-2012): [ 7E  00  06  88  EE  4E  49  00  20  D2 ]
10 bytes received at (1336367119-0:5:19 4-7-2012): [ 7E  00  06  88  EE  44  42  00  00  03 ]
11 bytes received at (1336367119-0:5:19 4-7-2012): [ 7E  00  07  88  EE  25  56  00  0A  F5  0F ]
13 bytes received at (1336367119-0:5:19 4-7-2012): [ 7E  00  09  88  EE  53  48  00  00  13  A2  00  39 ]
13 bytes received at (1336367119-0:5:19 4-7-2012): [ 7E  00  09  88  EE  53  4C  00  40  8A  86  D4  C6 ]
13 bytes received at (1336367119-0:5:19 4-7-2012): [ 7E  00  09  88  EE  44  48  00  00  00  00  00  FD ]
13 bytes received at (1336367120-0:5:20 4-7-2012): [ 7E  00  09  88  EE  44  4C  00  00  00  00  00  F9 ]
11 bytes received at (1336367120-0:5:20 4-7-2012): [ 7E  00  07  88  EE  4D  59  00  00  00  E3 ]
10 bytes received at (1336367120-0:5:20 4-7-2012): [ 7E  00  06  88  EE  4E  43  00  0A  EE ]
13 bytes received at (1336367120-0:5:20 4-7-2012): [ 7E  00  09  88  EE  44  44  00  00  03  00  00  FE ]
10 bytes received at (1336367120-0:5:20 4-7-2012): [ 7E  00  06  88  EE  43  48  00  10  EE ]
17 bytes received at (1336367120-0:5:20 4-7-2012): [ 7E  00  0D  88  EE  49  44  00  00  00  00  00  66  82  65  68  47 ]
17 bytes received at (1336367120-0:5:20 4-7-2012): [ 7E  00  0D  88  EE  4F  50  00  00  00  00  00  66  82  65  68  35 ]
11 bytes received at (1336367120-0:5:20 4-7-2012): [ 7E  00  07  88  EE  53  43  00  FF  FF  F5 ]
10 bytes received at (1336367120-0:5:20 4-7-2012): [ 7E  00  06  88  EE  45  45  00  00  FF ]
10 bytes received at (1336367120-0:5:20 4-7-2012): [ 7E  00  06  88  EE  50  4C  00  04  E9 ]
10 bytes received at (1336367120-0:5:20 4-7-2012): [ 7E  00  06  88  EE  50  4D  00  01  EB ]
10 bytes received at (1336367120-0:5:20 4-7-2012): [ 7E  00  06  88  EE  44  42  00  00  03 ]
13 bytes received at (1336367120-0:5:20 4-7-2012): [ 7E  00  09  88  EE  42  44  00  00  00  00  03  00 ]
10 bytes received at (1336367120-0:5:20 4-7-2012): [ 7E  00  06  88  EE  53  42  00  00  F4 ]
11 bytes received at (1336367120-0:5:20 4-7-2012): [ 7E  00  07  88  EE  56  52  00  21  A7  19 ]
11 bytes received at (1336367120-0:5:20 4-7-2012): [ 7E  00  07  88  EE  48  56  00  19  4A  88 ]
29 bytes received at (1336367149-0:5:49 4-7-2012): [ 7E  00  19  88  01  4E  44  00  E3  38  00  13  A2  00  40  8A  86  BF  20  00  FF  FE  01  00  C1  05  10  1E  F3 ]
29 bytes received at (1336367201-0:6:41 4-7-2012): [ 7E  00  19  88  EB  4E  44  00  E3  38  00  13  A2  00  40  8A  86  BF  20  00  FF  FE  01  00  C1  05  10  1E  09 ]
29 bytes received at (1336367308-0:8:28 4-7-2012): [ 7E  00  19  88  01  4E  44  00  E3  38  00  13  A2  00  40  8A  86  BF  20  00  FF  FE  01  00  C1  05  10  1E  F3 ]
29 bytes received at (1336367470-0:11:10 4-7-2012): [ 7E  00  19  88  EA  4E  44  00  E3  38  00  13  A2  00  40  8A  86  BF  20  00  FF  FE  01  00  C1  05  10  1E  0A ]
20 bytes received at (1336367481-0:11:21 4-7-2012): [ 7E  00  10  97  01  00  13  A2  00  40  8A  86  BF  E3  38  44  42  00  2C  D6 ]
21 bytes received at (1336367521-0:12:1 4-7-2012): [ 7E  00  11  97  01  00  13  A2  00  40  8A  86  BF  E3  38  25  56  00  0A  AE  55 ]
19 bytes received at (1336367539-0:12:19 4-7-2012): [ 7E  00  0F  97  01  00  13  A2  00  40  8A  86  BF  E3  38  44  30  03  11 ]
19 bytes received at (1336367547-0:12:27 4-7-2012): [ 7E  00  0F  97  01  00  13  A2  00  40  8A  86  BF  E3  38  44  30  00  14 ]
25 bytes received at (1336367564-0:12:44 4-7-2012): [ 7E  00  15  97  01  00  13  A2  00  40  8A  86  BF  E3  38  49  53  00  01  00  00  01  02  6F  79 ]
19 bytes received at (1336367599-0:13:19 4-7-2012): [ 7E  00  0F  97  01  00  13  A2  00  40  8A  86  BF  E3  38  44  31  00  13 ]
19 bytes received at (1336367612-0:13:32 4-7-2012): [ 7E  00  0F  97  01  00  13  A2  00  40  8A  86  BF  E3  38  44  32  00  12 ]
29 bytes received at (1336367628-0:13:48 4-7-2012): [ 7E  00  19  97  01  00  13  A2  00  40  8A  86  BF  E3  38  49  53  00  01  00  00  07  02  70  02  74  02  D1  29 ]
21 bytes received at (1336368067-0:21:7 4-7-2012): [ 7E  00  11  97  01  00  13  A2  00  40  8A  86  BF  E3  38  25  56  00  0A  A7  5C ]
21 bytes received at (1336368098-0:21:38 4-7-2012): [ 7E  00  11  97  01  00  13  A2  00  40  8A  86  BF  E3  38  25  56  00  0A  A6  5D ]
21 bytes received at (1336368102-0:21:42 4-7-2012): [ 7E  00  11  97  01  00  13  A2  00  40  8A  86  BF  E3  38  25  56  00  0A  A6  5D ]
21 bytes received at (1336368104-0:21:44 4-7-2012): [ 7E  00  11  97  01  00  13  A2  00  40  8A  86  BF  E3  38  25  56  00  0A  A6  5D ]
21 bytes received at (1336368114-0:21:54 4-7-2012): [ 7E  00  11  97  01  00  13  A2  00  40  8A  86  BF  E3  38  25  56  00  0A  A6  5D ]
10 bytes received at (1337044686-20:18:6 4-14-2012): [ 7E  00  06  88  EE  4E  49  00  20  D2 ]
10 bytes received at (1337044686-20:18:6 4-14-2012): [ 7E  00  06  88  EE  44  42  00  00  03 ]
11 bytes received at (1337044686-20:18:6 4-14-2012): [ 7E  00  07  88  EE  25  56  00  0A  F5  0F ]
13 bytes received at (1337044686-20:18:6 4-14-2012): [ 7E  00  09  88  EE  53  48  00  00  13  A2  00  39 ]
13 bytes received at (1337044686-20:18:6 4-14-2012): [ 7E  00  09  88  EE  53  4C  00  40  8A  86  D4  C6 ]
13 bytes received at (1337044686-20:18:6 4-14-2012): [ 7E  00  09  88  EE  44  48  00  00  00  00  00  FD ]
13 bytes received at (1337044686-20:18:6 4-14-2012): [ 7E  00  09  88  EE  44  4C  00  00  00  00  00  F9 ]
11 bytes received at (1337044687-20:18:7 4-14-2012): [ 7E  00  07  88  EE  4D  59  00  00  00  E3 ]
10 bytes received at (1337044687-20:18:7 4-14-2012): [ 7E  00  06  88  EE  4E  43  00  0A  EE ]
13 bytes received at (1337044687-20:18:7 4-14-2012): [ 7E  00  09  88  EE  44  44  00  00  03  00  00  FE ]
10 bytes received at (1337044687-20:18:7 4-14-2012): [ 7E  00  06  88  EE  43  48  00  10  EE ]
17 bytes received at (1337044687-20:18:7 4-14-2012): [ 7E  00  0D  88  EE  49  44  00  00  00  00  00  66  82  65  68  47 ]
17 bytes received at (1337044687-20:18:7 4-14-2012): [ 7E  00  0D  88  EE  4F  50  00  00  00  00  00  66  82  65  68  35 ]
11 bytes received at (1337044687-20:18:7 4-14-2012): [ 7E  00  07  88  EE  53  43  00  FF  FF  F5 ]
10 bytes received at (1337044687-20:18:7 4-14-2012): [ 7E  00  06  88  EE  45  45  00  00  FF ]
10 bytes received at (1337044687-20:18:7 4-14-2012): [ 7E  00  06  88  EE  50  4C  00  04  E9 ]
10 bytes received at (1337044687-20:18:7 4-14-2012): [ 7E  00  06  88  EE  50  4D  00  01  EB ]
10 bytes received at (1337044687-20:18:7 4-14-2012): [ 7E  00  06  88  EE  44  42  00  00  03 ]
13 bytes received at (1337044687-20:18:7 4-14-2012): [ 7E  00  09  88  EE  42  44  00  00  00  00  03  00 ]
10 bytes received at (1337044687-20:18:7 4-14-2012): [ 7E  00  06  88  EE  53  42  00  00  F4 ]
11 bytes received at (1337044687-20:18:7 4-14-2012): [ 7E  00  07  88  EE  56  52  00  21  A7  19 ]
11 bytes received at (1337044687-20:18:7 4-14-2012): [ 7E  00  07  88  EE  48  56  00  19  4A  88 ]
29 bytes received at (1337044699-20:18:19 4-14-2012): [ 7E  00  19  88  01  4E  44  00  E3  38  00  13  A2  00  40  8A  86  BF  20  00  FF  FE  01  00  C1  05  10  1E  F3 ]
29 bytes received at (1337044730-20:18:50 4-14-2012): [ 7E  00  19  88  EB  4E  44  00  E3  38  00  13  A2  00  40  8A  86  BF  20  00  FF  FE  01  00  C1  05  10  1E  09 ]
19 bytes received at (1337044824-20:20:24 4-14-2012): [ 7E  00  0F  97  01  00  13  A2  00  40  8A  86  BF  E3  38  44  30  00  14 ]
19 bytes received at (1337044833-20:20:33 4-14-2012): [ 7E  00  0F  97  01  00  13  A2  00  40  8A  86  BF  E3  38  44  31  00  13 ]
19 bytes received at (1337044838-20:20:38 4-14-2012): [ 7E  00  0F  97  01  00  13  A2  00  40  8A  86  BF  E3  38  44  32  00  12 ]
19 bytes received at (1337044847-20:20:47 4-14-2012): [ 7E  00  0F  97  01  00  13  A2  00  40  8A  86  BF  E3  38  44  33  00  11 ]
21 bytes received at (1337044863-20:21:3 4-14-2012): [ 7E  00  11  97  01  00  13  A2  00  40  8A  86  BF  E3  38  25  56  00  0A  A2  61 ]
31 bytes received at (1337044888-20:21:28 4-14-2012): [ 7E  00  1B  97  01  00  13  A2  00  40  8A  86  BF  E3  38  49  53  00  01  00  00  0F  02  74  02  75  01  A7  01  AE  98 ]
31 bytes received at (1337044904-20:21:44 4-14-2012): [ 7E  00  1B  97  01  00  13  A2  00  40  8A  86  BF  E3  38  49  53  00  01  00  00  0F  02  74  02  75  03  FF  01  B2  3A ]
21 bytes received at (1337044944-20:22:24 4-14-2012): [ 7E  00  11  97  01  00  13  A2  00  40  8A  86  BF  E3  38  25  56  00  0A  A1  62 ]
29 bytes received at (1337045091-20:24:51 4-14-2012): [ 7E  00  19  88  EB  4E  44  00  E3  38  00  13  A2  00  40  8A  86  BF  20  00  FF  FE  01  00  C1  05  10  1E  09 ]
19 bytes received at (1337045117-20:25:17 4-14-2012): [ 7E  00  0F  97  01  00  13  A2  00  40  8A  86  BF  E3  38  44  30  00  14 ]
19 bytes received at (1337045123-20:25:23 4-14-2012): [ 7E  00  0F  97  01  00  13  A2  00  40  8A  86  BF  E3  38  44  31  00  13 ]
19 bytes received at (1337045129-20:25:29 4-14-2012): [ 7E  00  0F  97  01  00  13  A2  00  40  8A  86  BF  E3  38  44  32  00  12 ]
19 bytes received at (1337045136-20:25:36 4-14-2012): [ 7E  00  0F  97  01  00  13  A2  00  40  8A  86  BF  E3  38  44  33  00  11 ]
21 bytes received at (1337045150-20:25:50 4-14-2012): [ 7E  00  11  97  01  00  13  A2  00  40  8A  86  BF  E3  38  25  56  00  0A  9F  64 ]
31 bytes received at (1337045158-20:25:58 4-14-2012): [ 7E  00  1B  97  01  00  13  A2  00  40  8A  86  BF  E3  38  49  53  00  01  00  00  0F  02  73  02  76  01  A4  01  B2  97 ]
31 bytes received at (1337045247-20:27:27 4-14-2012): [ 7E  00  1B  97  01  00  13  A2  00  40  8A  86  BF  E3  38  49  53  00  01  00  00  0F  02  74  02  77  01  AC  01  B1  8E ]
31 bytes received at (1337045262-20:27:42 4-14-2012): [ 7E  00  1B  97  01  00  13  A2  00  40  8A  86  BF  E3  38  49  53  00  01  00  00  0F  02  74  02  77  01  AA  01  B0  91 ]
31 bytes received at (1337045271-20:27:51 4-14-2012): [ 7E  00  1B  97  01  00  13  A2  00  40  8A  86  BF  E3  38  49  53  00  01  00  00  0F  02  74  02  77  01  AF  01  AE  8E ]
31 bytes received at (1337045280-20:28:0 4-14-2012): [ 7E  00  1B  97  01  00  13  A2  00  40  8A  86  BF  E3  38  49  53  00  01  00  00  0F  02  74  02  77  01  AB  01  B0  90 ]
31 bytes received at (1337045290-20:28:10 4-14-2012): [ 7E  00  1B  97  01  00  13  A2  00  40  8A  86  BF  E3  38  49  53  00  01  00  00  0F  02  74  02  78  01  B1  01  B2  87 ]
31 bytes received at (1337045294-20:28:14 4-14-2012): [ 7E  00  1B  97  01  00  13  A2  00  40  8A  86  BF  E3  38  49  53  00  01  00  00  0F  02  74  02  78  01  B6  01  B1  83 ]
31 bytes received at (1337045297-20:28:17 4-14-2012): [ 7E  00  1B  97  01  00  13  A2  00  40  8A  86  BF  E3  38  49  53  00  01  00  00  0F  02  74  02  78  01  B3  01  AE  89 ]
31 bytes received at (1337045300-20:28:20 4-14-2012): [ 7E  00  1B  97  01  00  13  A2  00  40  8A  86  BF  E3  38  49  53  00  01  00  00  0F  02  74  02  77  01  B0  01  B1  8A ]
31 bytes received at (1337045303-20:28:23 4-14-2012): [ 7E  00  1B  97  01  00  13  A2  00  40  8A  86  BF  E3  38  49  53  00  01  00  00  0F  02  74  02  77  01  AA  01  AF  92 ]
31 bytes received at (1337045311-20:28:31 4-14-2012): [ 7E  00  1B  97  01  00  13  A2  00  40  8A  86  BF  E3  38  49  53  00  01  00  00  0F  02  74  02  78  01  B7  01  B0  83 ]
31 bytes received at (1337045316-20:28:36 4-14-2012): [ 7E  00  1B  97  01  00  13  A2  00  40  8A  86  BF  E3  38  49  53  00  01  00  00  0F  02  74  02  78  01  AD  01  B1  8C ]
31 bytes received at (1337045324-20:28:44 4-14-2012): [ 7E  00  1B  97  01  00  13  A2  00  40  8A  86  BF  E3  38  49  53  00  01  00  00  0F  02  74  02  78  01  B3  01  AE  89 ]
31 bytes received at (1337045329-20:28:49 4-14-2012): [ 7E  00  1B  97  01  00  13  A2  00  40  8A  86  BF  E3  38  49  53  00  01  00  00  0F  02  74  02  78  01  AF  01  B0  8B ]
31 bytes received at (1337045353-20:29:13 4-14-2012): [ 7E  00  1B  97  01  00  13  A2  00  40  8A  86  BF  E3  38  49  53  00  01  00  00  0F  02  74  02  78  01  AD  01  B2  8B ]
31 bytes received at (1337045358-20:29:18 4-14-2012): [ 7E  00  1B  97  01  00  13  A2  00  40  8A  86  BF  E3  38  49  53  00  01  00  00  0F  02  74  02  78  01  AF  01  B1  8A ]
31 bytes received at (1337045403-20:30:3 4-14-2012): [ 7E  00  1B  97  01  00  13  A2  00  40  8A  86  BF  E3  38  49  53  00  01  00  00  0F  02  75  02  79  03  BE  01  B1  77 ]
10 bytes received at (1337316314-23:45:14 4-17-2012): [ 7E  00  06  88  EE  4E  49  00  20  D2 ]
10 bytes received at (1337316314-23:45:14 4-17-2012): [ 7E  00  06  88  EE  44  42  00  00  03 ]
11 bytes received at (1337316314-23:45:14 4-17-2012): [ 7E  00  07  88  EE  25  56  00  0A  F4  10 ]
13 bytes received at (1337316314-23:45:14 4-17-2012): [ 7E  00  09  88  EE  53  48  00  00  13  A2  00  39 ]
13 bytes received at (1337316314-23:45:14 4-17-2012): [ 7E  00  09  88  EE  53  4C  00  40  8A  86  D4  C6 ]
13 bytes received at (1337316314-23:45:14 4-17-2012): [ 7E  00  09  88  EE  44  48  00  00  00  00  00  FD ]
13 bytes received at (1337316314-23:45:14 4-17-2012): [ 7E  00  09  88  EE  44  4C  00  00  00  00  00  F9 ]
11 bytes received at (1337316314-23:45:14 4-17-2012): [ 7E  00  07  88  EE  4D  59  00  00  00  E3 ]
10 bytes received at (1337316314-23:45:14 4-17-2012): [ 7E  00  06  88  EE  4E  43  00  0A  EE ]
13 bytes received at (1337316314-23:45:14 4-17-2012): [ 7E  00  09  88  EE  44  44  00  00  03  00  00  FE ]
10 bytes received at (1337316314-23:45:14 4-17-2012): [ 7E  00  06  88  EE  43  48  00  10  EE ]
17 bytes received at (1337316314-23:45:14 4-17-2012): [ 7E  00  0D  88  EE  49  44  00  00  00  00  00  66  82  65  68  47 ]
17 bytes received at (1337316315-23:45:15 4-17-2012): [ 7E  00  0D  88  EE  4F  50  00  00  00  00  00  66  82  65  68  35 ]
11 bytes received at (1337316315-23:45:15 4-17-2012): [ 7E  00  07  88  EE  53  43  00  FF  FF  F5 ]
10 bytes received at (1337316315-23:45:15 4-17-2012): [ 7E  00  06  88  EE  45  45  00  00  FF ]
10 bytes received at (1337316315-23:45:15 4-17-2012): [ 7E  00  06  88  EE  50  4C  00  04  E9 ]
10 bytes received at (1337316315-23:45:15 4-17-2012): [ 7E  00  06  88  EE  50  4D  00  01  EB ]
10 bytes received at (1337316315-23:45:15 4-17-2012): [ 7E  00  06  88  EE  44  42  00  00  03 ]
13 bytes received at (1337316315-23:45:15 4-17-2012): [ 7E  00  09  88  EE  42  44  00  00  00  00  03  00 ]
10 bytes received at (1337316315-23:45:15 4-17-2012): [ 7E  00  06  88  EE  53  42  00  00  F4 ]
11 bytes received at (1337316315-23:45:15 4-17-2012): [ 7E  00  07  88  EE  56  52  00  21  A7  19 ]
11 bytes received at (1337316315-23:45:15 4-17-2012): [ 7E  00  07  88  EE  48  56  00  19  4A  88 ]
29 bytes received at (1337316324-23:45:24 4-17-2012): [ 7E  00  19  88  01  4E  44  00  98  78  00  13  A2  00  40  8A  86  BF  20  00  FF  FE  01  00  C1  05  10  1E  FE ]
29 bytes received at (1337316341-23:45:41 4-17-2012): [ 7E  00  19  88  EB  4E  44  00  98  78  00  13  A2  00  40  8A  86  BF  20  00  FF  FE  01  00  C1  05  10  1E  14 ]
21 bytes received at (1337316394-23:46:34 4-17-2012): [ 7E  00  11  97  01  00  13  A2  00  40  8A  86  BF  98  78  25  56  00  0A  53  BB ]
19 bytes received at (1337316439-23:47:19 4-17-2012): [ 7E  00  0F  97  01  00  13  A2  00  40  8A  86  BF  98  78  4E  49  00  FC ]
38 bytes received at (1337316453-23:47:33 4-17-2012): [ 7E  00  22  88  EB  4E  44  00  98  78  00  13  A2  00  40  8A  86  BF  62  72  61  64  73  65  6E  73  6F  72  00  FF  FE  01  00  C1  05  10  1E  01 ]
19 bytes received at (1337316473-23:47:53 4-17-2012): [ 7E  00  0F  97  01  00  13  A2  00  40  8A  86  BF  98  78  57  52  00  EA ]
38 bytes received at (1337316495-23:48:15 4-17-2012): [ 7E  00  22  88  EB  4E  44  00  98  78  00  13  A2  00  40  8A  86  BF  62  72  61  64  73  65  6E  73  6F  72  00  FF  FE  01  00  C1  05  10  1E  01 ]
10 bytes received at (1342993580-16:46:20 6-22-2012): [ 7E  00  06  88  EE  4E  49  00  20  D2 ]
10 bytes received at (1342993580-16:46:20 6-22-2012): [ 7E  00  06  88  EE  44  42  00  2F  D4 ]
11 bytes received at (1342993580-16:46:20 6-22-2012): [ 7E  00  07  88  EE  25  56  00  0A  E5  1F ]
13 bytes received at (1342993580-16:46:20 6-22-2012): [ 7E  00  09  88  EE  53  48  00  00  13  A2  00  39 ]
13 bytes received at (1342993580-16:46:20 6-22-2012): [ 7E  00  09  88  EE  53  4C  00  40  71  1C  9D  80 ]
13 bytes received at (1342993580-16:46:20 6-22-2012): [ 7E  00  09  88  EE  44  48  00  00  00  00  00  FD ]
13 bytes received at (1342993581-16:46:21 6-22-2012): [ 7E  00  09  88  EE  44  4C  00  00  00  FF  FF  FB ]
11 bytes received at (1342993581-16:46:21 6-22-2012): [ 7E  00  07  88  EE  4D  59  00  00  00  E3 ]
10 bytes received at (1342993581-16:46:21 6-22-2012): [ 7E  00  06  88  EE  4E  43  00  0A  EE ]
13 bytes received at (1342993581-16:46:21 6-22-2012): [ 7E  00  09  88  EE  44  44  00  00  03  00  00  FE ]
10 bytes received at (1342993581-16:46:21 6-22-2012): [ 7E  00  06  88  EE  43  48  00  0C  F2 ]
17 bytes received at (1342993581-16:46:21 6-22-2012): [ 7E  00  0D  88  EE  49  44  00  00  00  00  00  54  49  43  48  D4 ]
17 bytes received at (1342993581-16:46:21 6-22-2012): [ 7E  00  0D  88  EE  4F  50  00  00  00  00  00  54  49  43  48  C2 ]
11 bytes received at (1342993581-16:46:21 6-22-2012): [ 7E  00  07  88  EE  53  43  00  FF  FF  F5 ]
10 bytes received at (1342993581-16:46:21 6-22-2012): [ 7E  00  06  88  EE  45  45  00  00  FF ]
10 bytes received at (1342993581-16:46:21 6-22-2012): [ 7E  00  06  88  EE  50  4C  00  04  E9 ]
10 bytes received at (1342993581-16:46:21 6-22-2012): [ 7E  00  06  88  EE  50  4D  00  01  EB ]
10 bytes received at (1342993581-16:46:21 6-22-2012): [ 7E  00  06  88  EE  44  42  00  2F  D4 ]
13 bytes received at (1342993581-16:46:21 6-22-2012): [ 7E  00  09  88  EE  42  44  00  00  00  00  04  FF ]
10 bytes received at (1342993581-16:46:21 6-22-2012): [ 7E  00  06  88  EE  53  42  00  00  F4 ]
11 bytes received at (1342993581-16:46:21 6-22-2012): [ 7E  00  07  88  EE  56  52  00  21  A7  19 ]
11 bytes received at (1342993581-16:46:21 6-22-2012): [ 7E  00  07  88  EE  48  56  00  19  46  8C ]
46 bytes received at (1342993592-16:46:32 6-22-2012): [ 7E  00  2A  88  01  4E  44  00  51  E5  00  13  A2  00  40  71  1C  05  5A  49  47  42  45  45  20  52  4F  55  54  45  52  20  4A  45  46  46  00  FF  FE  01  00  C1  05  10  1E  43 ]
19 bytes received at (1342993657-16:47:37 6-22-2012): [ 7E  00  0F  97  01  00  13  A2  00  40  71  1C  05  FF  FE  25  56  04  64 ]
46 bytes received at (1342993669-16:47:49 6-22-2012): [ 7E  00  2A  88  01  4E  44  00  51  E5  00  13  A2  00  40  71  1C  05  5A  49  47  42  45  45  20  52  4F  55  54  45  52  20  4A  45  46  46  00  FF  FE  01  00  C1  05  10  1E  43 ]
46 bytes received at (1342993678-16:47:58 6-22-2012): [ 7E  00  2A  88  EB  4E  44  00  51  E5  00  13  A2  00  40  71  1C  05  5A  49  47  42  45  45  20  52  4F  55  54  45  52  20  4A  45  46  46  00  FF  FE  01  00  C1  05  10  1E  59 ]
21 bytes received at (1342993694-16:48:14 6-22-2012): [ 7E  00  11  97  01  00  13  A2  00  40  71  1C  05  51  E5  25  56  00  0A  84  A1 ]
23 bytes received at (1342993715-16:48:35 6-22-2012): [ 7E  00  13  97  01  00  13  A2  00  40  71  1C  05  51  E5  42  44  00  00  00  00  04  20 ]
